==========================================
SLURM_JOB_ID = 6444
SLURM_NODELIST = virya1
==========================================
Wed Dec 20 14:20:21 2023       
+---------------------------------------------------------------------------------------+
| NVIDIA-SMI 535.104.05             Driver Version: 535.104.05   CUDA Version: 12.2     |
|-----------------------------------------+----------------------+----------------------+
| GPU  Name                 Persistence-M | Bus-Id        Disp.A | Volatile Uncorr. ECC |
| Fan  Temp   Perf          Pwr:Usage/Cap |         Memory-Usage | GPU-Util  Compute M. |
|                                         |                      |               MIG M. |
|=========================================+======================+======================|
|   0  Tesla V100-PCIE-32GB           Off | 00000000:39:00.0 Off |                    0 |
| N/A   26C    P0              24W / 250W |      0MiB / 32768MiB |      0%      Default |
|                                         |                      |                  N/A |
+-----------------------------------------+----------------------+----------------------+
                                                                                         
+---------------------------------------------------------------------------------------+
| Processes:                                                                            |
|  GPU   GI   CI        PID   Type   Process name                            GPU Memory |
|        ID   ID                                                             Usage      |
|=======================================================================================|
|  No running processes found                                                           |
+---------------------------------------------------------------------------------------+
2023-12-20 14:20:34,642 - INFO - Available device: cuda:0
2023-12-20 14:20:34,659 - INFO - Dataset loaded
2023-12-20 14:20:34,665 - INFO - Processing with model: p2s
2023-12-20 14:21:05,183 - INFO - Starting to process test sequences
  0%|          | 0/180 [00:00<?, ?it/s]  0%|          | 0/180 [00:05<?, ?it/s]
2023-12-20 14:23:43,707 - INFO - Test sequences processed
2023-12-20 14:50:09,983 - INFO - Completed processing for model: p2s
2023-12-20 14:50:09,986 - INFO - Processing with model: ankh
2023-12-20 14:50:41,469 - INFO - Starting to process test sequences
  0%|          | 0/180 [00:00<?, ?it/s]  0%|          | 0/180 [00:07<?, ?it/s]
2023-12-20 14:54:17,025 - INFO - Test sequences processed
2023-12-20 15:20:35,268 - INFO - Completed processing for model: ankh
